d:\mypro\autograbwindow\win32\debug\autograbwindow.bsc
d:\mypro\autograbwindow\debug\vc120.pdb
d:\mypro\autograbwindow\debug\autograbwindow.sbr
d:\mypro\autograbwindow\debug\moc_autograbwindow.sbr
d:\mypro\autograbwindow\debug\main.sbr
d:\mypro\autograbwindow\debug\main.obj
d:\mypro\autograbwindow\debug\moc_autograbwindow.obj
d:\mypro\autograbwindow\debug\autograbwindow.obj
d:\mypro\autograbwindow\debug\qrc_autograbwindow.sbr
d:\mypro\autograbwindow\debug\qrc_autograbwindow.obj
d:\mypro\autograbwindow\generatedfiles\qrc_autograbwindow.cpp
d:\mypro\autograbwindow\generatedfiles\ui_autograbwindow.h
d:\mypro\autograbwindow\generatedfiles\debug\moc_autograbwindow.cpp
d:\mypro\autograbwindow\win32\debug\autograbwindow.ilk
d:\mypro\autograbwindow\win32\debug\autograbwindow.exe
d:\mypro\autograbwindow\win32\debug\autograbwindow.pdb
e:\mypro\autograbscreen\debug\autograbwindow.obj
e:\mypro\autograbscreen\debug\main.obj
e:\mypro\autograbscreen\debug\moc_autograbwindow.obj
e:\mypro\autograbscreen\debug\qrc_autograbwindow.obj
e:\mypro\autograbscreen\debug\vc120.pdb
e:\mypro\autograbscreen\debug\autograbwindow.sbr
e:\mypro\autograbscreen\debug\main.sbr
e:\mypro\autograbscreen\debug\moc_autograbwindow.sbr
e:\mypro\autograbscreen\debug\qrc_autograbwindow.sbr
e:\mypro\autograbscreen\win32\debug\autograbwindow.pdb
e:\mypro\autograbscreen\win32\debug\autograbwindow.exe
e:\mypro\autograbscreen\win32\debug\autograbwindow.bsc
e:\mypro\autograbscreen\win32\debug\autograbwindow.ilk
e:\mypro\autograbscreen\debug\autograbwindow.tlog\bscmake.command.1.tlog
e:\mypro\autograbscreen\debug\autograbwindow.tlog\bscmake.read.1.tlog
e:\mypro\autograbscreen\debug\autograbwindow.tlog\bscmake.write.1.tlog
e:\mypro\autograbscreen\debug\autograbwindow.tlog\cl.command.1.tlog
e:\mypro\autograbscreen\debug\autograbwindow.tlog\cl.read.1.tlog
e:\mypro\autograbscreen\debug\autograbwindow.tlog\cl.write.1.tlog
e:\mypro\autograbscreen\debug\autograbwindow.tlog\custombuild.command.1.tlog
e:\mypro\autograbscreen\debug\autograbwindow.tlog\custombuild.read.1.tlog
e:\mypro\autograbscreen\debug\autograbwindow.tlog\custombuild.write.1.tlog
e:\mypro\autograbscreen\debug\autograbwindow.tlog\link.command.1.tlog
e:\mypro\autograbscreen\debug\autograbwindow.tlog\link.read.1.tlog
e:\mypro\autograbscreen\debug\autograbwindow.tlog\link.write.1.tlog
